<?xml version="1.0" encoding="utf-8"?>
<TestRun id="2e3e6158-99d1-4eba-a376-518c253c53d0" name="@fedora 2025-05-27 20:41:39" xmlns="http://microsoft.com/schemas/VisualStudio/TeamTest/2010">
  <Times creation="2025-05-27T20:41:39.4094867-04:00" queuing="2025-05-27T20:41:39.4094868-04:00" start="2025-05-27T20:41:37.8689790-04:00" finish="2025-05-27T20:41:39.4629825-04:00" />
  <TestSettings name="default" id="4af56af3-2523-4e55-85dd-e40007edfa65">
    <Deployment runDeploymentRoot="_fedora_2025-05-27_20_41_39" />
  </TestSettings>
  <Results>
    <UnitTestResult executionId="fe5d27e8-1810-4a5f-894c-b7232adad02f" testId="72d0ff6f-87db-ca6b-4ee1-bd9db96cd972" testName="GameServer.Shared.CQRS.Tests.Results.ResultTTests.OnFailure_WithFailureGenericResult_ShouldExecuteAction" computerName="fedora" duration="00:00:00.0007015" startTime="2025-05-27T20:41:39.2953476-04:00" endTime="2025-05-27T20:41:39.2953476-04:00" testType="13cdc9d9-ddb5-4fa4-a97d-d965ccfc6d4b" outcome="Passed" testListId="8c84fa94-04c1-424b-9868-57a2d4851a1d" relativeResultsDirectory="fe5d27e8-1810-4a5f-894c-b7232adad02f" />
    <UnitTestResult executionId="c39e8535-8f0d-4e71-8e32-20f14f98b770" testId="38f5cc05-4f98-0564-2efc-2ee049d05101" testName="GameServer.Shared.CQRS.Tests.Results.ResultTTests.Success_WithValueType_ShouldWorkCorrectly" computerName="fedora" duration="00:00:00.0005730" startTime="2025-05-27T20:41:39.2951776-04:00" endTime="2025-05-27T20:41:39.2951776-04:00" testType="13cdc9d9-ddb5-4fa4-a97d-d965ccfc6d4b" outcome="Passed" testListId="8c84fa94-04c1-424b-9868-57a2d4851a1d" relativeResultsDirectory="c39e8535-8f0d-4e71-8e32-20f14f98b770" />
    <UnitTestResult executionId="389342db-2ddc-46c6-93cc-d33a8a8893cc" testId="14d8fa98-8448-802f-2711-57db8b6c367e" testName="GameServer.Shared.CQRS.Tests.Results.ResultTTests.HasValue_WithSuccessfulResultAndNonNullValue_ShouldReturnTrue" computerName="fedora" duration="00:00:00.0001222" startTime="2025-05-27T20:41:39.2423220-04:00" endTime="2025-05-27T20:41:39.2423221-04:00" testType="13cdc9d9-ddb5-4fa4-a97d-d965ccfc6d4b" outcome="Passed" testListId="8c84fa94-04c1-424b-9868-57a2d4851a1d" relativeResultsDirectory="389342db-2ddc-46c6-93cc-d33a8a8893cc" />
    <UnitTestResult executionId="058631e1-a00f-40d1-ad07-beca3ab89c1e" testId="2377559f-230f-a82c-c6a5-488e3996a66e" testName="GameServer.Shared.CQRS.Tests.Results.ResultTTests.Success_WithComplexObject_ShouldWorkCorrectly" computerName="fedora" duration="00:00:00.0125872" startTime="2025-05-27T20:41:39.2358795-04:00" endTime="2025-05-27T20:41:39.2359352-04:00" testType="13cdc9d9-ddb5-4fa4-a97d-d965ccfc6d4b" outcome="Passed" testListId="8c84fa94-04c1-424b-9868-57a2d4851a1d" relativeResultsDirectory="058631e1-a00f-40d1-ad07-beca3ab89c1e" />
    <UnitTestResult executionId="de1b11de-afd6-4ef0-a4b3-baeaca60ce9e" testId="5b284f8e-060e-ea8b-6fbc-3a1d35e0f514" testName="GameServer.Shared.CQRS.Tests.Results.ResultTTests.Success_WithValue_ShouldCreateSuccessfulResult" computerName="fedora" duration="00:00:00.0002680" startTime="2025-05-27T20:41:39.2951329-04:00" endTime="2025-05-27T20:41:39.2951329-04:00" testType="13cdc9d9-ddb5-4fa4-a97d-d965ccfc6d4b" outcome="Passed" testListId="8c84fa94-04c1-424b-9868-57a2d4851a1d" relativeResultsDirectory="de1b11de-afd6-4ef0-a4b3-baeaca60ce9e" />
    <UnitTestResult executionId="2f4258f4-4200-44f9-84e1-cf12461027a4" testId="975209da-f028-1bb7-c338-da0c85650f3a" testName="GameServer.Shared.CQRS.Tests.Results.ResultTTests.Failure_WithSingleError_ShouldCreateFailureResult" computerName="fedora" duration="00:00:00.0003480" startTime="2025-05-27T20:41:39.2953032-04:00" endTime="2025-05-27T20:41:39.2953032-04:00" testType="13cdc9d9-ddb5-4fa4-a97d-d965ccfc6d4b" outcome="Passed" testListId="8c84fa94-04c1-424b-9868-57a2d4851a1d" relativeResultsDirectory="2f4258f4-4200-44f9-84e1-cf12461027a4" />
    <UnitTestResult executionId="66c7df02-29c6-4e34-ada2-e7a9b500cefa" testId="83f44694-4a0a-9163-33d6-25147defb045" testName="GameServer.Shared.CQRS.Tests.Results.ResultTTests.Failure_WithEmptyErrorsList_ShouldThrowInvalidOperationException" computerName="fedora" duration="00:00:00.0010626" startTime="2025-05-27T20:41:39.2950797-04:00" endTime="2025-05-27T20:41:39.2950797-04:00" testType="13cdc9d9-ddb5-4fa4-a97d-d965ccfc6d4b" outcome="Passed" testListId="8c84fa94-04c1-424b-9868-57a2d4851a1d" relativeResultsDirectory="66c7df02-29c6-4e34-ada2-e7a9b500cefa" />
    <UnitTestResult executionId="47ce0c37-021e-42a7-8bb3-05c09da517dc" testId="4e5982d2-0c10-6181-5186-068909c59e3d" testName="GameServer.Shared.CQRS.Tests.Results.ResultTTests.ImplicitConversion_ToBaseResult_ShouldWorkCorrectly" computerName="fedora" duration="00:00:00.0021319" startTime="2025-05-27T20:41:39.2569484-04:00" endTime="2025-05-27T20:41:39.2569485-04:00" testType="13cdc9d9-ddb5-4fa4-a97d-d965ccfc6d4b" outcome="Passed" testListId="8c84fa94-04c1-424b-9868-57a2d4851a1d" relativeResultsDirectory="47ce0c37-021e-42a7-8bb3-05c09da517dc" />
    <UnitTestResult executionId="e927449b-c571-493e-80cd-87a79a045bb2" testId="c6092aa6-ac18-8c2c-b8b3-a8b037d2b4e2" testName="GameServer.Shared.CQRS.Tests.Results.ResultTTests.Success_WithNullValue_ShouldThrowInvalidOperationException" computerName="fedora" duration="00:00:00.0007824" startTime="2025-05-27T20:41:39.2952511-04:00" endTime="2025-05-27T20:41:39.2952512-04:00" testType="13cdc9d9-ddb5-4fa4-a97d-d965ccfc6d4b" outcome="Passed" testListId="8c84fa94-04c1-424b-9868-57a2d4851a1d" relativeResultsDirectory="e927449b-c571-493e-80cd-87a79a045bb2" />
    <UnitTestResult executionId="e6c67bb2-1389-41dc-8461-4e3ead5d72d8" testId="84088a98-f392-808d-0662-faf2ea713903" testName="GameServer.Shared.CQRS.Tests.Results.ResultTTests.HasValue_WithFailureResult_ShouldReturnFalse" computerName="fedora" duration="00:00:00.0001477" startTime="2025-05-27T20:41:39.2571363-04:00" endTime="2025-05-27T20:41:39.2571363-04:00" testType="13cdc9d9-ddb5-4fa4-a97d-d965ccfc6d4b" outcome="Passed" testListId="8c84fa94-04c1-424b-9868-57a2d4851a1d" relativeResultsDirectory="e6c67bb2-1389-41dc-8461-4e3ead5d72d8" />
    <UnitTestResult executionId="0570aceb-b879-4670-a853-dda497fd471d" testId="f88f2d7e-8188-6dec-7600-f8c68e45f991" testName="GameServer.Shared.CQRS.Tests.Results.ResultTTests.Failure_WithMultipleErrors_ShouldCreateFailureResult" computerName="fedora" duration="00:00:00.0013060" startTime="2025-05-27T20:41:39.2547451-04:00" endTime="2025-05-27T20:41:39.2547452-04:00" testType="13cdc9d9-ddb5-4fa4-a97d-d965ccfc6d4b" outcome="Passed" testListId="8c84fa94-04c1-424b-9868-57a2d4851a1d" relativeResultsDirectory="0570aceb-b879-4670-a853-dda497fd471d" />
    <UnitTestResult executionId="18ad4a04-f0a7-466c-b40e-c66c37c19e2c" testId="5b76c33e-884b-0037-edb3-3b232885ffa3" testName="GameServer.Shared.CQRS.Tests.Results.ResultTTests.Value_WithMultipleErrors_ShouldThrowInvalidOperationExceptionWithAllErrors" computerName="fedora" duration="00:00:00.0009159" startTime="2025-05-27T20:41:39.2948235-04:00" endTime="2025-05-27T20:41:39.2948235-04:00" testType="13cdc9d9-ddb5-4fa4-a97d-d965ccfc6d4b" outcome="Passed" testListId="8c84fa94-04c1-424b-9868-57a2d4851a1d" relativeResultsDirectory="18ad4a04-f0a7-466c-b40e-c66c37c19e2c" />
    <UnitTestResult executionId="21818734-609a-4224-b797-314e01dc57d7" testId="902a2653-9ab8-ce35-6fee-5bd5bbca5283" testName="GameServer.Shared.CQRS.Tests.Results.ResultTTests.OnSuccess_WithSuccessfulGenericResult_ShouldExecuteAction" computerName="fedora" duration="00:00:00.0003866" startTime="2025-05-27T20:41:39.2418044-04:00" endTime="2025-05-27T20:41:39.2418045-04:00" testType="13cdc9d9-ddb5-4fa4-a97d-d965ccfc6d4b" outcome="Passed" testListId="8c84fa94-04c1-424b-9868-57a2d4851a1d" relativeResultsDirectory="21818734-609a-4224-b797-314e01dc57d7" />
    <UnitTestResult executionId="067d6163-7c8e-4dad-819a-0c3777471379" testId="044fa335-baa4-44b1-7133-47afc9c577cc" testName="GameServer.Shared.CQRS.Tests.Results.ResultTTests.Value_WithFailureResult_ShouldThrowInvalidOperationException" computerName="fedora" duration="00:00:00.0016482" startTime="2025-05-27T20:41:39.2493641-04:00" endTime="2025-05-27T20:41:39.2493642-04:00" testType="13cdc9d9-ddb5-4fa4-a97d-d965ccfc6d4b" outcome="Passed" testListId="8c84fa94-04c1-424b-9868-57a2d4851a1d" relativeResultsDirectory="067d6163-7c8e-4dad-819a-0c3777471379" />
    <UnitTestResult executionId="5bf55a95-59fe-4353-9907-90a46436259a" testId="e4872c49-eba8-ffc5-afb0-38806dfe41f7" testName="GameServer.Shared.CQRS.Tests.Results.ResultTTests.ImplicitConversion_FailureToBaseResult_ShouldWorkCorrectly" computerName="fedora" duration="00:00:00.0014608" startTime="2025-05-27T20:41:39.2508909-04:00" endTime="2025-05-27T20:41:39.2508909-04:00" testType="13cdc9d9-ddb5-4fa4-a97d-d965ccfc6d4b" outcome="Passed" testListId="8c84fa94-04c1-424b-9868-57a2d4851a1d" relativeResultsDirectory="5bf55a95-59fe-4353-9907-90a46436259a" />
    <UnitTestResult executionId="481e7d3c-6a0b-43ec-9632-c0dc87cd2f58" testId="4fdf2ddc-5ef0-6091-5e0f-cbbf93c4ddc0" testName="GameServer.Shared.CQRS.Tests.Results.ResultTTests.Failure_WithNullErrors_ShouldThrowInvalidOperationException" computerName="fedora" duration="00:00:00.0121166" startTime="2025-05-27T20:41:39.2476393-04:00" endTime="2025-05-27T20:41:39.2476394-04:00" testType="13cdc9d9-ddb5-4fa4-a97d-d965ccfc6d4b" outcome="Passed" testListId="8c84fa94-04c1-424b-9868-57a2d4851a1d" relativeResultsDirectory="481e7d3c-6a0b-43ec-9632-c0dc87cd2f58" />
  </Results>
  <TestDefinitions>
    <UnitTest name="GameServer.Shared.CQRS.Tests.Results.ResultTTests.ImplicitConversion_ToBaseResult_ShouldWorkCorrectly" storage="/home/filipe/desenvolvimento/novoserver-aspire/gameserver/gameserver.shared.cqrs.tests/bin/debug/net9.0/gameserver.shared.cqrs.tests.dll" id="4e5982d2-0c10-6181-5186-068909c59e3d">
      <Execution id="47ce0c37-021e-42a7-8bb3-05c09da517dc" />
      <TestMethod codeBase="/home/filipe/Desenvolvimento/NOVOSERVER-ASPIRE/GameServer/GameServer.Shared.CQRS.Tests/bin/Debug/net9.0/GameServer.Shared.CQRS.Tests.dll" adapterTypeName="executor://xunit/VsTestRunner2/netcoreapp" className="GameServer.Shared.CQRS.Tests.Results.ResultTTests" name="ImplicitConversion_ToBaseResult_ShouldWorkCorrectly" />
    </UnitTest>
    <UnitTest name="GameServer.Shared.CQRS.Tests.Results.ResultTTests.Value_WithMultipleErrors_ShouldThrowInvalidOperationExceptionWithAllErrors" storage="/home/filipe/desenvolvimento/novoserver-aspire/gameserver/gameserver.shared.cqrs.tests/bin/debug/net9.0/gameserver.shared.cqrs.tests.dll" id="5b76c33e-884b-0037-edb3-3b232885ffa3">
      <Execution id="18ad4a04-f0a7-466c-b40e-c66c37c19e2c" />
      <TestMethod codeBase="/home/filipe/Desenvolvimento/NOVOSERVER-ASPIRE/GameServer/GameServer.Shared.CQRS.Tests/bin/Debug/net9.0/GameServer.Shared.CQRS.Tests.dll" adapterTypeName="executor://xunit/VsTestRunner2/netcoreapp" className="GameServer.Shared.CQRS.Tests.Results.ResultTTests" name="Value_WithMultipleErrors_ShouldThrowInvalidOperationExceptionWithAllErrors" />
    </UnitTest>
    <UnitTest name="GameServer.Shared.CQRS.Tests.Results.ResultTTests.Success_WithValue_ShouldCreateSuccessfulResult" storage="/home/filipe/desenvolvimento/novoserver-aspire/gameserver/gameserver.shared.cqrs.tests/bin/debug/net9.0/gameserver.shared.cqrs.tests.dll" id="5b284f8e-060e-ea8b-6fbc-3a1d35e0f514">
      <Execution id="de1b11de-afd6-4ef0-a4b3-baeaca60ce9e" />
      <TestMethod codeBase="/home/filipe/Desenvolvimento/NOVOSERVER-ASPIRE/GameServer/GameServer.Shared.CQRS.Tests/bin/Debug/net9.0/GameServer.Shared.CQRS.Tests.dll" adapterTypeName="executor://xunit/VsTestRunner2/netcoreapp" className="GameServer.Shared.CQRS.Tests.Results.ResultTTests" name="Success_WithValue_ShouldCreateSuccessfulResult" />
    </UnitTest>
    <UnitTest name="GameServer.Shared.CQRS.Tests.Results.ResultTTests.Failure_WithNullErrors_ShouldThrowInvalidOperationException" storage="/home/filipe/desenvolvimento/novoserver-aspire/gameserver/gameserver.shared.cqrs.tests/bin/debug/net9.0/gameserver.shared.cqrs.tests.dll" id="4fdf2ddc-5ef0-6091-5e0f-cbbf93c4ddc0">
      <Execution id="481e7d3c-6a0b-43ec-9632-c0dc87cd2f58" />
      <TestMethod codeBase="/home/filipe/Desenvolvimento/NOVOSERVER-ASPIRE/GameServer/GameServer.Shared.CQRS.Tests/bin/Debug/net9.0/GameServer.Shared.CQRS.Tests.dll" adapterTypeName="executor://xunit/VsTestRunner2/netcoreapp" className="GameServer.Shared.CQRS.Tests.Results.ResultTTests" name="Failure_WithNullErrors_ShouldThrowInvalidOperationException" />
    </UnitTest>
    <UnitTest name="GameServer.Shared.CQRS.Tests.Results.ResultTTests.Value_WithFailureResult_ShouldThrowInvalidOperationException" storage="/home/filipe/desenvolvimento/novoserver-aspire/gameserver/gameserver.shared.cqrs.tests/bin/debug/net9.0/gameserver.shared.cqrs.tests.dll" id="044fa335-baa4-44b1-7133-47afc9c577cc">
      <Execution id="067d6163-7c8e-4dad-819a-0c3777471379" />
      <TestMethod codeBase="/home/filipe/Desenvolvimento/NOVOSERVER-ASPIRE/GameServer/GameServer.Shared.CQRS.Tests/bin/Debug/net9.0/GameServer.Shared.CQRS.Tests.dll" adapterTypeName="executor://xunit/VsTestRunner2/netcoreapp" className="GameServer.Shared.CQRS.Tests.Results.ResultTTests" name="Value_WithFailureResult_ShouldThrowInvalidOperationException" />
    </UnitTest>
    <UnitTest name="GameServer.Shared.CQRS.Tests.Results.ResultTTests.Success_WithComplexObject_ShouldWorkCorrectly" storage="/home/filipe/desenvolvimento/novoserver-aspire/gameserver/gameserver.shared.cqrs.tests/bin/debug/net9.0/gameserver.shared.cqrs.tests.dll" id="2377559f-230f-a82c-c6a5-488e3996a66e">
      <Execution id="058631e1-a00f-40d1-ad07-beca3ab89c1e" />
      <TestMethod codeBase="/home/filipe/Desenvolvimento/NOVOSERVER-ASPIRE/GameServer/GameServer.Shared.CQRS.Tests/bin/Debug/net9.0/GameServer.Shared.CQRS.Tests.dll" adapterTypeName="executor://xunit/VsTestRunner2/netcoreapp" className="GameServer.Shared.CQRS.Tests.Results.ResultTTests" name="Success_WithComplexObject_ShouldWorkCorrectly" />
    </UnitTest>
    <UnitTest name="GameServer.Shared.CQRS.Tests.Results.ResultTTests.ImplicitConversion_FailureToBaseResult_ShouldWorkCorrectly" storage="/home/filipe/desenvolvimento/novoserver-aspire/gameserver/gameserver.shared.cqrs.tests/bin/debug/net9.0/gameserver.shared.cqrs.tests.dll" id="e4872c49-eba8-ffc5-afb0-38806dfe41f7">
      <Execution id="5bf55a95-59fe-4353-9907-90a46436259a" />
      <TestMethod codeBase="/home/filipe/Desenvolvimento/NOVOSERVER-ASPIRE/GameServer/GameServer.Shared.CQRS.Tests/bin/Debug/net9.0/GameServer.Shared.CQRS.Tests.dll" adapterTypeName="executor://xunit/VsTestRunner2/netcoreapp" className="GameServer.Shared.CQRS.Tests.Results.ResultTTests" name="ImplicitConversion_FailureToBaseResult_ShouldWorkCorrectly" />
    </UnitTest>
    <UnitTest name="GameServer.Shared.CQRS.Tests.Results.ResultTTests.Failure_WithSingleError_ShouldCreateFailureResult" storage="/home/filipe/desenvolvimento/novoserver-aspire/gameserver/gameserver.shared.cqrs.tests/bin/debug/net9.0/gameserver.shared.cqrs.tests.dll" id="975209da-f028-1bb7-c338-da0c85650f3a">
      <Execution id="2f4258f4-4200-44f9-84e1-cf12461027a4" />
      <TestMethod codeBase="/home/filipe/Desenvolvimento/NOVOSERVER-ASPIRE/GameServer/GameServer.Shared.CQRS.Tests/bin/Debug/net9.0/GameServer.Shared.CQRS.Tests.dll" adapterTypeName="executor://xunit/VsTestRunner2/netcoreapp" className="GameServer.Shared.CQRS.Tests.Results.ResultTTests" name="Failure_WithSingleError_ShouldCreateFailureResult" />
    </UnitTest>
    <UnitTest name="GameServer.Shared.CQRS.Tests.Results.ResultTTests.OnFailure_WithFailureGenericResult_ShouldExecuteAction" storage="/home/filipe/desenvolvimento/novoserver-aspire/gameserver/gameserver.shared.cqrs.tests/bin/debug/net9.0/gameserver.shared.cqrs.tests.dll" id="72d0ff6f-87db-ca6b-4ee1-bd9db96cd972">
      <Execution id="fe5d27e8-1810-4a5f-894c-b7232adad02f" />
      <TestMethod codeBase="/home/filipe/Desenvolvimento/NOVOSERVER-ASPIRE/GameServer/GameServer.Shared.CQRS.Tests/bin/Debug/net9.0/GameServer.Shared.CQRS.Tests.dll" adapterTypeName="executor://xunit/VsTestRunner2/netcoreapp" className="GameServer.Shared.CQRS.Tests.Results.ResultTTests" name="OnFailure_WithFailureGenericResult_ShouldExecuteAction" />
    </UnitTest>
    <UnitTest name="GameServer.Shared.CQRS.Tests.Results.ResultTTests.Failure_WithMultipleErrors_ShouldCreateFailureResult" storage="/home/filipe/desenvolvimento/novoserver-aspire/gameserver/gameserver.shared.cqrs.tests/bin/debug/net9.0/gameserver.shared.cqrs.tests.dll" id="f88f2d7e-8188-6dec-7600-f8c68e45f991">
      <Execution id="0570aceb-b879-4670-a853-dda497fd471d" />
      <TestMethod codeBase="/home/filipe/Desenvolvimento/NOVOSERVER-ASPIRE/GameServer/GameServer.Shared.CQRS.Tests/bin/Debug/net9.0/GameServer.Shared.CQRS.Tests.dll" adapterTypeName="executor://xunit/VsTestRunner2/netcoreapp" className="GameServer.Shared.CQRS.Tests.Results.ResultTTests" name="Failure_WithMultipleErrors_ShouldCreateFailureResult" />
    </UnitTest>
    <UnitTest name="GameServer.Shared.CQRS.Tests.Results.ResultTTests.HasValue_WithSuccessfulResultAndNonNullValue_ShouldReturnTrue" storage="/home/filipe/desenvolvimento/novoserver-aspire/gameserver/gameserver.shared.cqrs.tests/bin/debug/net9.0/gameserver.shared.cqrs.tests.dll" id="14d8fa98-8448-802f-2711-57db8b6c367e">
      <Execution id="389342db-2ddc-46c6-93cc-d33a8a8893cc" />
      <TestMethod codeBase="/home/filipe/Desenvolvimento/NOVOSERVER-ASPIRE/GameServer/GameServer.Shared.CQRS.Tests/bin/Debug/net9.0/GameServer.Shared.CQRS.Tests.dll" adapterTypeName="executor://xunit/VsTestRunner2/netcoreapp" className="GameServer.Shared.CQRS.Tests.Results.ResultTTests" name="HasValue_WithSuccessfulResultAndNonNullValue_ShouldReturnTrue" />
    </UnitTest>
    <UnitTest name="GameServer.Shared.CQRS.Tests.Results.ResultTTests.HasValue_WithFailureResult_ShouldReturnFalse" storage="/home/filipe/desenvolvimento/novoserver-aspire/gameserver/gameserver.shared.cqrs.tests/bin/debug/net9.0/gameserver.shared.cqrs.tests.dll" id="84088a98-f392-808d-0662-faf2ea713903">
      <Execution id="e6c67bb2-1389-41dc-8461-4e3ead5d72d8" />
      <TestMethod codeBase="/home/filipe/Desenvolvimento/NOVOSERVER-ASPIRE/GameServer/GameServer.Shared.CQRS.Tests/bin/Debug/net9.0/GameServer.Shared.CQRS.Tests.dll" adapterTypeName="executor://xunit/VsTestRunner2/netcoreapp" className="GameServer.Shared.CQRS.Tests.Results.ResultTTests" name="HasValue_WithFailureResult_ShouldReturnFalse" />
    </UnitTest>
    <UnitTest name="GameServer.Shared.CQRS.Tests.Results.ResultTTests.OnSuccess_WithSuccessfulGenericResult_ShouldExecuteAction" storage="/home/filipe/desenvolvimento/novoserver-aspire/gameserver/gameserver.shared.cqrs.tests/bin/debug/net9.0/gameserver.shared.cqrs.tests.dll" id="902a2653-9ab8-ce35-6fee-5bd5bbca5283">
      <Execution id="21818734-609a-4224-b797-314e01dc57d7" />
      <TestMethod codeBase="/home/filipe/Desenvolvimento/NOVOSERVER-ASPIRE/GameServer/GameServer.Shared.CQRS.Tests/bin/Debug/net9.0/GameServer.Shared.CQRS.Tests.dll" adapterTypeName="executor://xunit/VsTestRunner2/netcoreapp" className="GameServer.Shared.CQRS.Tests.Results.ResultTTests" name="OnSuccess_WithSuccessfulGenericResult_ShouldExecuteAction" />
    </UnitTest>
    <UnitTest name="GameServer.Shared.CQRS.Tests.Results.ResultTTests.Success_WithValueType_ShouldWorkCorrectly" storage="/home/filipe/desenvolvimento/novoserver-aspire/gameserver/gameserver.shared.cqrs.tests/bin/debug/net9.0/gameserver.shared.cqrs.tests.dll" id="38f5cc05-4f98-0564-2efc-2ee049d05101">
      <Execution id="c39e8535-8f0d-4e71-8e32-20f14f98b770" />
      <TestMethod codeBase="/home/filipe/Desenvolvimento/NOVOSERVER-ASPIRE/GameServer/GameServer.Shared.CQRS.Tests/bin/Debug/net9.0/GameServer.Shared.CQRS.Tests.dll" adapterTypeName="executor://xunit/VsTestRunner2/netcoreapp" className="GameServer.Shared.CQRS.Tests.Results.ResultTTests" name="Success_WithValueType_ShouldWorkCorrectly" />
    </UnitTest>
    <UnitTest name="GameServer.Shared.CQRS.Tests.Results.ResultTTests.Failure_WithEmptyErrorsList_ShouldThrowInvalidOperationException" storage="/home/filipe/desenvolvimento/novoserver-aspire/gameserver/gameserver.shared.cqrs.tests/bin/debug/net9.0/gameserver.shared.cqrs.tests.dll" id="83f44694-4a0a-9163-33d6-25147defb045">
      <Execution id="66c7df02-29c6-4e34-ada2-e7a9b500cefa" />
      <TestMethod codeBase="/home/filipe/Desenvolvimento/NOVOSERVER-ASPIRE/GameServer/GameServer.Shared.CQRS.Tests/bin/Debug/net9.0/GameServer.Shared.CQRS.Tests.dll" adapterTypeName="executor://xunit/VsTestRunner2/netcoreapp" className="GameServer.Shared.CQRS.Tests.Results.ResultTTests" name="Failure_WithEmptyErrorsList_ShouldThrowInvalidOperationException" />
    </UnitTest>
    <UnitTest name="GameServer.Shared.CQRS.Tests.Results.ResultTTests.Success_WithNullValue_ShouldThrowInvalidOperationException" storage="/home/filipe/desenvolvimento/novoserver-aspire/gameserver/gameserver.shared.cqrs.tests/bin/debug/net9.0/gameserver.shared.cqrs.tests.dll" id="c6092aa6-ac18-8c2c-b8b3-a8b037d2b4e2">
      <Execution id="e927449b-c571-493e-80cd-87a79a045bb2" />
      <TestMethod codeBase="/home/filipe/Desenvolvimento/NOVOSERVER-ASPIRE/GameServer/GameServer.Shared.CQRS.Tests/bin/Debug/net9.0/GameServer.Shared.CQRS.Tests.dll" adapterTypeName="executor://xunit/VsTestRunner2/netcoreapp" className="GameServer.Shared.CQRS.Tests.Results.ResultTTests" name="Success_WithNullValue_ShouldThrowInvalidOperationException" />
    </UnitTest>
  </TestDefinitions>
  <TestEntries>
    <TestEntry testId="72d0ff6f-87db-ca6b-4ee1-bd9db96cd972" executionId="fe5d27e8-1810-4a5f-894c-b7232adad02f" testListId="8c84fa94-04c1-424b-9868-57a2d4851a1d" />
    <TestEntry testId="38f5cc05-4f98-0564-2efc-2ee049d05101" executionId="c39e8535-8f0d-4e71-8e32-20f14f98b770" testListId="8c84fa94-04c1-424b-9868-57a2d4851a1d" />
    <TestEntry testId="14d8fa98-8448-802f-2711-57db8b6c367e" executionId="389342db-2ddc-46c6-93cc-d33a8a8893cc" testListId="8c84fa94-04c1-424b-9868-57a2d4851a1d" />
    <TestEntry testId="2377559f-230f-a82c-c6a5-488e3996a66e" executionId="058631e1-a00f-40d1-ad07-beca3ab89c1e" testListId="8c84fa94-04c1-424b-9868-57a2d4851a1d" />
    <TestEntry testId="5b284f8e-060e-ea8b-6fbc-3a1d35e0f514" executionId="de1b11de-afd6-4ef0-a4b3-baeaca60ce9e" testListId="8c84fa94-04c1-424b-9868-57a2d4851a1d" />
    <TestEntry testId="975209da-f028-1bb7-c338-da0c85650f3a" executionId="2f4258f4-4200-44f9-84e1-cf12461027a4" testListId="8c84fa94-04c1-424b-9868-57a2d4851a1d" />
    <TestEntry testId="83f44694-4a0a-9163-33d6-25147defb045" executionId="66c7df02-29c6-4e34-ada2-e7a9b500cefa" testListId="8c84fa94-04c1-424b-9868-57a2d4851a1d" />
    <TestEntry testId="4e5982d2-0c10-6181-5186-068909c59e3d" executionId="47ce0c37-021e-42a7-8bb3-05c09da517dc" testListId="8c84fa94-04c1-424b-9868-57a2d4851a1d" />
    <TestEntry testId="c6092aa6-ac18-8c2c-b8b3-a8b037d2b4e2" executionId="e927449b-c571-493e-80cd-87a79a045bb2" testListId="8c84fa94-04c1-424b-9868-57a2d4851a1d" />
    <TestEntry testId="84088a98-f392-808d-0662-faf2ea713903" executionId="e6c67bb2-1389-41dc-8461-4e3ead5d72d8" testListId="8c84fa94-04c1-424b-9868-57a2d4851a1d" />
    <TestEntry testId="f88f2d7e-8188-6dec-7600-f8c68e45f991" executionId="0570aceb-b879-4670-a853-dda497fd471d" testListId="8c84fa94-04c1-424b-9868-57a2d4851a1d" />
    <TestEntry testId="5b76c33e-884b-0037-edb3-3b232885ffa3" executionId="18ad4a04-f0a7-466c-b40e-c66c37c19e2c" testListId="8c84fa94-04c1-424b-9868-57a2d4851a1d" />
    <TestEntry testId="902a2653-9ab8-ce35-6fee-5bd5bbca5283" executionId="21818734-609a-4224-b797-314e01dc57d7" testListId="8c84fa94-04c1-424b-9868-57a2d4851a1d" />
    <TestEntry testId="044fa335-baa4-44b1-7133-47afc9c577cc" executionId="067d6163-7c8e-4dad-819a-0c3777471379" testListId="8c84fa94-04c1-424b-9868-57a2d4851a1d" />
    <TestEntry testId="e4872c49-eba8-ffc5-afb0-38806dfe41f7" executionId="5bf55a95-59fe-4353-9907-90a46436259a" testListId="8c84fa94-04c1-424b-9868-57a2d4851a1d" />
    <TestEntry testId="4fdf2ddc-5ef0-6091-5e0f-cbbf93c4ddc0" executionId="481e7d3c-6a0b-43ec-9632-c0dc87cd2f58" testListId="8c84fa94-04c1-424b-9868-57a2d4851a1d" />
  </TestEntries>
  <TestLists>
    <TestList name="Resultados que não estão em uma lista" id="8c84fa94-04c1-424b-9868-57a2d4851a1d" />
    <TestList name="Todos os resultados carregados" id="19431567-8539-422a-85d7-44ee4e166bda" />
  </TestLists>
  <ResultSummary outcome="Completed">
    <Counters total="16" executed="16" passed="16" failed="0" error="0" timeout="0" aborted="0" inconclusive="0" passedButRunAborted="0" notRunnable="0" notExecuted="0" disconnected="0" warning="0" completed="0" inProgress="0" pending="0" />
    <Output>
      <StdOut>[xUnit.net 00:00:00.00] xUnit.net VSTest Adapter v2.4.5+1caef2f33e (64-bit .NET 9.0.3)
[xUnit.net 00:00:00.69]   Discovering: GameServer.Shared.CQRS.Tests
[xUnit.net 00:00:00.75]   Discovered:  GameServer.Shared.CQRS.Tests
[xUnit.net 00:00:00.76]   Starting:    GameServer.Shared.CQRS.Tests
[xUnit.net 00:00:00.89]   Finished:    GameServer.Shared.CQRS.Tests
</StdOut>
    </Output>
  </ResultSummary>
</TestRun>